app/build/outputs/logs/manifest-merger-release-report.txt
-- Merging decision tree log ---
manifest
ADDED from src/main/AndroidManifest.xml:2:1-87:12
	package
		ADDED from src/main/AndroidManifest.xml:3:2-43
		INJECTED from src/main/AndroidManifest.xml
		INJECTED from src/main/AndroidManifest.xml
	android:versionName
		ADDED from src/main/AndroidManifest.xml:5:2-28
		INJECTED from src/main/AndroidManifest.xml
		INJECTED from src/main/AndroidManifest.xml
	android:versionCode
		ADDED from src/main/AndroidManifest.xml:4:2-26
		INJECTED from src/main/AndroidManifest.xml
		INJECTED from src/main/AndroidManifest.xml
	xmlns:android
		ADDED from src/main/AndroidManifest.xml:2:11-69
uses-sdk
ADDED from src/main/AndroidManifest.xml:7:2-9:35
	android:targetSdkVersion
		ADDED from src/main/AndroidManifest.xml:9:3-32
		INJECTED from src/main/AndroidManifest.xml
		INJECTED from src/main/AndroidManifest.xml
	android:minSdkVersion
		ADDED from src/main/AndroidManifest.xml:8:3-29
		INJECTED from src/main/AndroidManifest.xml
		INJECTED from src/main/AndroidManifest.xml
uses-permission#android.permission.INTERNET
ADDED from src/main/AndroidManifest.xml:10:2-64
	android:name
		ADDED from src/main/AndroidManifest.xml:10:19-61
uses-permission#android.permission.ACCESS_NETWORK_STATE
ADDED from src/main/AndroidManifest.xml:11:5-79
	android:name
		ADDED from src/main/AndroidManifest.xml:11:22-76
uses-permission#android.permission.READ_PHONE_STATE
ADDED from src/main/AndroidManifest.xml:12:5-74
	android:name
		ADDED from src/main/AndroidManifest.xml:12:22-72
application
ADDED from src/main/AndroidManifest.xml:14:2-85:16
	android:label
		ADDED from src/main/AndroidManifest.xml:17:3-35
	android:allowBackup
		ADDED from src/main/AndroidManifest.xml:15:3-29
	android:icon
		ADDED from src/main/AndroidManifest.xml:19:3-39
	android:theme
		ADDED from src/main/AndroidManifest.xml:18:3-50
	android:logo
		ADDED from src/main/AndroidManifest.xml:16:3-35
activity#tedxperiments.math.entrenamente.MainActivity
ADDED from src/main/AndroidManifest.xml:22:3-31:14
	android:screenOrientation
		ADDED from src/main/AndroidManifest.xml:25:4-40
	android:label
		ADDED from src/main/AndroidManifest.xml:24:4-36
	android:name
		ADDED from src/main/AndroidManifest.xml:23:4-63
intent-filter#android.intent.action.MAIN+android.intent.category.LAUNCHER
ADDED from src/main/AndroidManifest.xml:26:4-30:20
action#android.intent.action.MAIN
ADDED from src/main/AndroidManifest.xml:27:5-57
	android:name
		ADDED from src/main/AndroidManifest.xml:27:13-54
category#android.intent.category.LAUNCHER
ADDED from src/main/AndroidManifest.xml:29:5-65
	android:name
		ADDED from src/main/AndroidManifest.xml:29:15-62
activity#tedxperiments.math.entrenamente.LevelSelect
ADDED from src/main/AndroidManifest.xml:32:3-34:14
	android:screenOrientation
		ADDED from src/main/AndroidManifest.xml:33:7-43
	android:name
		ADDED from src/main/AndroidManifest.xml:32:13-71
activity#tedxperiments.math.entrenamente.PlayGame
ADDED from src/main/AndroidManifest.xml:35:3-39:14
	android:screenOrientation
		ADDED from src/main/AndroidManifest.xml:38:4-40
	android:configChanges
		ADDED from src/main/AndroidManifest.xml:37:4-65
	android:name
		ADDED from src/main/AndroidManifest.xml:36:4-59
activity#tedxperiments.math.entrenamente.PlayArcade
ADDED from src/main/AndroidManifest.xml:40:3-43:14
	android:screenOrientation
		ADDED from src/main/AndroidManifest.xml:42:7-43
	android:configChanges
		ADDED from src/main/AndroidManifest.xml:41:7-68
	android:name
		ADDED from src/main/AndroidManifest.xml:40:13-70
activity#tedxperiments.math.entrenamente.HowToPlay
ADDED from src/main/AndroidManifest.xml:44:3-46:14
	android:screenOrientation
		ADDED from src/main/AndroidManifest.xml:45:7-43
	android:name
		ADDED from src/main/AndroidManifest.xml:44:13-69
activity#tedxperiments.math.entrenamente.HowtoSum
ADDED from src/main/AndroidManifest.xml:47:3-49:14
	android:screenOrientation
		ADDED from src/main/AndroidManifest.xml:48:7-43
	android:name
		ADDED from src/main/AndroidManifest.xml:47:13-68
activity#tedxperiments.math.entrenamente.HowtoMul
ADDED from src/main/AndroidManifest.xml:50:3-52:14
	android:screenOrientation
		ADDED from src/main/AndroidManifest.xml:51:7-43
	android:name
		ADDED from src/main/AndroidManifest.xml:50:13-68
activity#tedxperiments.math.entrenamente.HowtoSquare
ADDED from src/main/AndroidManifest.xml:53:3-55:14
	android:screenOrientation
		ADDED from src/main/AndroidManifest.xml:54:7-43
	android:name
		ADDED from src/main/AndroidManifest.xml:53:13-71
activity#tedxperiments.math.entrenamente.HighScores
ADDED from src/main/AndroidManifest.xml:56:3-58:14
	android:screenOrientation
		ADDED from src/main/AndroidManifest.xml:57:7-43
	android:name
		ADDED from src/main/AndroidManifest.xml:56:13-70
activity#tedxperiments.math.entrenamente.HighScores2
ADDED from src/main/AndroidManifest.xml:59:3-61:14
	android:screenOrientation
		ADDED from src/main/AndroidManifest.xml:60:7-43
	android:name
		ADDED from src/main/AndroidManifest.xml:59:13-71
activity#tedxperiments.math.entrenamente.HighList
ADDED from src/main/AndroidManifest.xml:62:3-64:14
	android:screenOrientation
		ADDED from src/main/AndroidManifest.xml:63:7-43
	android:name
		ADDED from src/main/AndroidManifest.xml:62:13-68
activity#tedxperiments.math.entrenamente.TimesGraph
ADDED from src/main/AndroidManifest.xml:65:3-67:14
	android:screenOrientation
		ADDED from src/main/AndroidManifest.xml:66:7-43
	android:name
		ADDED from src/main/AndroidManifest.xml:65:13-70
activity#tedxperiments.math.entrenamente.StatsSelect
ADDED from src/main/AndroidManifest.xml:68:3-70:14
	android:screenOrientation
		ADDED from src/main/AndroidManifest.xml:69:7-43
	android:name
		ADDED from src/main/AndroidManifest.xml:68:13-71
activity#tedxperiments.math.entrenamente.PersonalQuestions
ADDED from src/main/AndroidManifest.xml:71:3-73:14
	android:screenOrientation
		ADDED from src/main/AndroidManifest.xml:72:7-43
	android:name
		ADDED from src/main/AndroidManifest.xml:71:13-77
activity#tedxperiments.math.entrenamente.AcceptanceActivity
ADDED from src/main/AndroidManifest.xml:74:3-76:14
	android:screenOrientation
		ADDED from src/main/AndroidManifest.xml:75:4-40
	android:name
		ADDED from src/main/AndroidManifest.xml:74:13-78
receiver#tedxperiments.math.entrenamente.NetworkChangeReceiver
ADDED from src/main/AndroidManifest.xml:77:3-84:20
	android:label
		ADDED from src/main/AndroidManifest.xml:79:13-50
	android:name
		ADDED from src/main/AndroidManifest.xml:78:13-81
intent-filter#android.net.conn.CONNECTIVITY_CHANGE+android.net.wifi.WIFI_STATE_CHANGED
ADDED from src/main/AndroidManifest.xml:80:13-83:29
action#android.net.conn.CONNECTIVITY_CHANGE
ADDED from src/main/AndroidManifest.xml:81:17-79
	android:name
		ADDED from src/main/AndroidManifest.xml:81:25-76
action#android.net.wifi.WIFI_STATE_CHANGED
ADDED from src/main/AndroidManifest.xml:82:17-78
	android:name
		ADDED from src/main/AndroidManifest.xml:82:25-75